<?xml version="1.0" encoding="UTF-8"?>
<!-- Generated by org.testng.reporters.JUnitReportReporter -->
<testsuite hostname="DESKTOP-39JPCDP" name="mounika.TestApp" tests="1" failures="0" timestamp="6 Jan 2016 13:43:58 GMT" time="38.443" errors="0">
  <testcase name="test" time="38.443" classname="mounika.TestApp"/>
</testsuite> <!-- mounika.TestApp -->
